<?xml version="1.0" encoding="UTF-8"?>
<beans xmlns="http://www.springframework.org/schema/beans"
       xmlns:xsi="http://www.w3.org/2001/XMLSchema-instance"
       xmlns:context="http://www.springframework.org/schema/context"
       xmlns:tx="http://www.springframework.org/schema/tx"
       xmlns:aop="http://www.springframework.org/schema/aop"
       xsi:schemaLocation="http://www.springframework.org/schema/beans
                           http://www.springframework.org/schema/beans/spring-beans.xsd
                           http://www.springframework.org/schema/mvc
                           http://www.springframework.org/schema/mvc/spring-mvc.xsd
                           http://www.springframework.org/schema/tx
                           http://www.springframework.org/schema/tx/spring-tx-4.3.xsd
                           http://www.springframework.org/schema/context
                           http://www.springframework.org/schema/context/spring-context.xsd
       http://www.springframework.org/schema/aop http://www.springframework.org/schema/aop/spring-aop-4.3.xsd">

    <!-- Bean definitions go here -->
    <!-- Bean definitions go here -->
    <aop:aspectj-autoproxy/>

    <tx:annotation-driven proxy-target-class="true"
                          transaction-manager="transactionManager" />

    <!-- Bean definitions go here -->
    <bean id="dataSource"
          class="org.apache.commons.dbcp2.BasicDataSource">
        <property name="driverClassName" value="com.mysql.cj.jdbc.Driver"/>
        <property name="url"
                  value="jdbc:mysql://localhost:3306/supertest?serverTimezone=UTC" />
        <property name="username" value="root" />
        <property name="password" value="root" />
        <property name="initialSize" value="5" />
        <property name="maxTotal" value="10" />
    </bean>

    <bean id="transactionManager"
          class="org.springframework.jdbc.datasource.DataSourceTransactionManager">
        <property name="dataSource" ref="dataSource" />
    </bean>

    <bean id="jdbcTemplate"
          class="org.springframework.jdbc.core.JdbcTemplate">
        <property name="dataSource" ref="dataSource" />
    </bean>

    <bean id="heroDao"
          class="com.dm.dao.db.impl.HeroDaoImpl">
        <property name="jdbcTemplate" ref="jdbcTemplate" />
    </bean>

    <bean id="powerDao"
          class="com.dm.dao.db.impl.PowerDaoImpl">
        <property name="jdbcTemplate" ref="jdbcTemplate" />
    </bean>

    <bean id="locationDao"
          class="com.dm.dao.db.impl.LocationDaoImpl">
        <property name="jdbcTemplate" ref="jdbcTemplate" />
    </bean>
    <bean id="organizationDao"
          class="com.dm.dao.db.impl.OrganizationDaoImpl">
        <property name="jdbcTemplate" ref="jdbcTemplate" />
    </bean>
    <bean id="maintenanceDao"
          class="com.dm.dao.db.impl.DBMaintenance">
        <property name="jdbcTemplate" ref="jdbcTemplate" />
    </bean>
    <bean id="sightingDao"
          class="com.dm.dao.db.impl.SightingDaoImpl">
        <property name="jdbcTemplate" ref="jdbcTemplate" />
    </bean>
    <bean id="headquartersDao"
          class="com.dm.dao.db.impl.HeadquartersDaoImpl">
        <property name="jdbcTemplate" ref="jdbcTemplate" />
    </bean>
    <bean id="contactDao"
          class="com.dm.dao.db.impl.ContactDaoImpl">
        <property name="jdbcTemplate" ref="jdbcTemplate" />
    </bean>
    <bean id="bridgeDao"
          class="com.dm.dao.db.impl.BridgeDaoImpl">
        <property name="jdbcTemplate" ref="jdbcTemplate" />
    </bean>

    <bean id="coordinatorDao" class="com.dm.dao.db.impl.DataCoordinatorDaoImpl">
        <constructor-arg ref="organizationDao"/>
        <constructor-arg ref="heroDao"/>
        <constructor-arg ref="headquartersDao"/>
        <constructor-arg ref="locationDao"/>
        <constructor-arg ref="powerDao"/>
        <constructor-arg ref="sightingDao"/>
        <constructor-arg ref="contactDao"/>
        <constructor-arg ref="bridgeDao"/>
        <property name="jdbcTemplate" ref="jdbcTemplate" />
    </bean>


</beans>